2022-04-22 12:43:01.4473||ERROR|Finance.WebAPI.Program|Stopped program because of exception System.FormatException: A duplicate key 'AllowedHosts' was found.
   at Microsoft.Extensions.Configuration.Json.JsonConfigurationFileParser.VisitValue(JsonElement value)
   at Microsoft.Extensions.Configuration.Json.JsonConfigurationFileParser.VisitElement(JsonElement element)
   at Microsoft.Extensions.Configuration.Json.JsonConfigurationFileParser.ParseStream(Stream input)
   at Microsoft.Extensions.Configuration.Json.JsonConfigurationProvider.Load(Stream stream)
   at Microsoft.Extensions.Configuration.FileConfigurationProvider.Load(Boolean reload)
--- End of stack trace from previous location ---
   at Microsoft.Extensions.Configuration.FileConfigurationProvider.HandleException(ExceptionDispatchInfo info)
   at Microsoft.Extensions.Configuration.FileConfigurationProvider.Load(Boolean reload)
   at Microsoft.Extensions.Configuration.FileConfigurationProvider.Load()
   at Microsoft.Extensions.Configuration.ConfigurationRoot..ctor(IList`1 providers)
   at Microsoft.Extensions.Configuration.ConfigurationBuilder.Build()
   at Microsoft.Extensions.Hosting.HostBuilder.BuildAppConfiguration()
   at Microsoft.Extensions.Hosting.HostBuilder.Build()
   at Finance.WebAPI.Program.Main(String[] args) in D:\fpt\Ky8\capstone\FinanceBE\Finance.WebAPI\Program.cs:line 21
2022-04-22 12:44:07.8516||ERROR|Finance.WebAPI.Program|Stopped program because of exception System.ArgumentNullException: Value cannot be null. (Parameter 'source')
   at System.Linq.ThrowHelper.ThrowArgumentNullException(ExceptionArgument argument)
   at System.Linq.Enumerable.SelectMany[TSource,TResult](IEnumerable`1 source, Func`2 selector)
   at Finance.WebAPI.Startup.GetDomain() in D:\fpt\Ky8\capstone\FinanceBE\Finance.WebAPI\Startup.cs:line 75
   at Finance.WebAPI.Startup.<ConfigureServices>b__5_2(CorsPolicyBuilder builder) in D:\fpt\Ky8\capstone\FinanceBE\Finance.WebAPI\Startup.cs:line 44
   at Microsoft.AspNetCore.Cors.Infrastructure.CorsOptions.AddPolicy(String name, Action`1 configurePolicy)
   at Finance.WebAPI.Startup.<ConfigureServices>b__5_0(CorsOptions options) in D:\fpt\Ky8\capstone\FinanceBE\Finance.WebAPI\Startup.cs:line 41
   at Microsoft.Extensions.Options.ConfigureNamedOptions`1.Configure(String name, TOptions options)
   at Microsoft.Extensions.Options.OptionsFactory`1.Create(String name)
   at Microsoft.Extensions.Options.OptionsManager`1.<>c__DisplayClass5_0.<Get>b__0()
   at System.Lazy`1.ViaFactory(LazyThreadSafetyMode mode)
   at System.Lazy`1.ExecutionAndPublication(LazyHelper executionAndPublication, Boolean useDefaultConstructor)
   at System.Lazy`1.CreateValue()
   at System.Lazy`1.get_Value()
   at Microsoft.Extensions.Options.OptionsCache`1.GetOrAdd(String name, Func`1 createOptions)
   at Microsoft.Extensions.Options.OptionsManager`1.Get(String name)
   at Microsoft.Extensions.Options.OptionsManager`1.get_Value()
   at Microsoft.AspNetCore.Cors.Infrastructure.CorsService..ctor(IOptions`1 options, ILoggerFactory loggerFactory)
   at System.RuntimeMethodHandle.InvokeMethod(Object target, Object[] arguments, Signature sig, Boolean constructor, Boolean wrapExceptions)
   at System.Reflection.RuntimeConstructorInfo.Invoke(BindingFlags invokeAttr, Binder binder, Object[] parameters, CultureInfo culture)
   at Microsoft.Extensions.DependencyInjection.ServiceLookup.CallSiteRuntimeResolver.VisitConstructor(ConstructorCallSite constructorCallSite, RuntimeResolverContext context)
   at Microsoft.Extensions.DependencyInjection.ServiceLookup.CallSiteVisitor`2.VisitCallSiteMain(ServiceCallSite callSite, TArgument argument)
   at Microsoft.Extensions.DependencyInjection.ServiceLookup.CallSiteRuntimeResolver.VisitDisposeCache(ServiceCallSite transientCallSite, RuntimeResolverContext context)
   at Microsoft.Extensions.DependencyInjection.ServiceLookup.CallSiteVisitor`2.VisitCallSite(ServiceCallSite callSite, TArgument argument)
   at Microsoft.Extensions.DependencyInjection.ServiceLookup.CallSiteRuntimeResolver.Resolve(ServiceCallSite callSite, ServiceProviderEngineScope scope)
   at Microsoft.Extensions.DependencyInjection.ServiceLookup.DynamicServiceProviderEngine.<>c__DisplayClass1_0.<RealizeService>b__0(ServiceProviderEngineScope scope)
   at Microsoft.Extensions.DependencyInjection.ServiceLookup.ServiceProviderEngine.GetService(Type serviceType, ServiceProviderEngineScope serviceProviderEngineScope)
   at Microsoft.Extensions.DependencyInjection.ServiceLookup.ServiceProviderEngineScope.GetService(Type serviceType)
   at Microsoft.Extensions.Internal.ActivatorUtilities.ConstructorMatcher.CreateInstance(IServiceProvider provider)
   at Microsoft.Extensions.Internal.ActivatorUtilities.CreateInstance(IServiceProvider provider, Type instanceType, Object[] parameters)
   at Microsoft.AspNetCore.Builder.UseMiddlewareExtensions.<>c__DisplayClass5_0.<UseMiddleware>b__0(RequestDelegate next)
   at Microsoft.AspNetCore.Builder.ApplicationBuilder.Build()
   at Microsoft.AspNetCore.Hosting.GenericWebHostService.StartAsync(CancellationToken cancellationToken)
   at Microsoft.Extensions.Hosting.Internal.Host.StartAsync(CancellationToken cancellationToken)
   at Microsoft.Extensions.Hosting.HostingAbstractionsHostExtensions.RunAsync(IHost host, CancellationToken token)
   at Microsoft.Extensions.Hosting.HostingAbstractionsHostExtensions.RunAsync(IHost host, CancellationToken token)
   at Microsoft.Extensions.Hosting.HostingAbstractionsHostExtensions.Run(IHost host)
   at Finance.WebAPI.Program.Main(String[] args) in D:\fpt\Ky8\capstone\FinanceBE\Finance.WebAPI\Program.cs:line 21
2022-04-22 12:47:10.0734||ERROR|Finance.WebAPI.Program|Stopped program because of exception System.ArgumentNullException: Value cannot be null. (Parameter 'source')
   at System.Linq.ThrowHelper.ThrowArgumentNullException(ExceptionArgument argument)
   at System.Linq.Enumerable.SelectMany[TSource,TResult](IEnumerable`1 source, Func`2 selector)
   at Finance.WebAPI.Startup.GetDomain() in D:\fpt\Ky8\capstone\FinanceBE\Finance.WebAPI\Startup.cs:line 75
   at Finance.WebAPI.Startup.<ConfigureServices>b__5_2(CorsPolicyBuilder builder) in D:\fpt\Ky8\capstone\FinanceBE\Finance.WebAPI\Startup.cs:line 44
   at Microsoft.AspNetCore.Cors.Infrastructure.CorsOptions.AddPolicy(String name, Action`1 configurePolicy)
   at Finance.WebAPI.Startup.<ConfigureServices>b__5_0(CorsOptions options) in D:\fpt\Ky8\capstone\FinanceBE\Finance.WebAPI\Startup.cs:line 41
   at Microsoft.Extensions.Options.ConfigureNamedOptions`1.Configure(String name, TOptions options)
   at Microsoft.Extensions.Options.OptionsFactory`1.Create(String name)
   at Microsoft.Extensions.Options.OptionsManager`1.<>c__DisplayClass5_0.<Get>b__0()
   at System.Lazy`1.ViaFactory(LazyThreadSafetyMode mode)
   at System.Lazy`1.ExecutionAndPublication(LazyHelper executionAndPublication, Boolean useDefaultConstructor)
   at System.Lazy`1.CreateValue()
   at System.Lazy`1.get_Value()
   at Microsoft.Extensions.Options.OptionsCache`1.GetOrAdd(String name, Func`1 createOptions)
   at Microsoft.Extensions.Options.OptionsManager`1.Get(String name)
   at Microsoft.Extensions.Options.OptionsManager`1.get_Value()
   at Microsoft.AspNetCore.Cors.Infrastructure.CorsService..ctor(IOptions`1 options, ILoggerFactory loggerFactory)
   at System.RuntimeMethodHandle.InvokeMethod(Object target, Object[] arguments, Signature sig, Boolean constructor, Boolean wrapExceptions)
   at System.Reflection.RuntimeConstructorInfo.Invoke(BindingFlags invokeAttr, Binder binder, Object[] parameters, CultureInfo culture)
   at Microsoft.Extensions.DependencyInjection.ServiceLookup.CallSiteRuntimeResolver.VisitConstructor(ConstructorCallSite constructorCallSite, RuntimeResolverContext context)
   at Microsoft.Extensions.DependencyInjection.ServiceLookup.CallSiteVisitor`2.VisitCallSiteMain(ServiceCallSite callSite, TArgument argument)
   at Microsoft.Extensions.DependencyInjection.ServiceLookup.CallSiteRuntimeResolver.VisitDisposeCache(ServiceCallSite transientCallSite, RuntimeResolverContext context)
   at Microsoft.Extensions.DependencyInjection.ServiceLookup.CallSiteVisitor`2.VisitCallSite(ServiceCallSite callSite, TArgument argument)
   at Microsoft.Extensions.DependencyInjection.ServiceLookup.CallSiteRuntimeResolver.Resolve(ServiceCallSite callSite, ServiceProviderEngineScope scope)
   at Microsoft.Extensions.DependencyInjection.ServiceLookup.DynamicServiceProviderEngine.<>c__DisplayClass1_0.<RealizeService>b__0(ServiceProviderEngineScope scope)
   at Microsoft.Extensions.DependencyInjection.ServiceLookup.ServiceProviderEngine.GetService(Type serviceType, ServiceProviderEngineScope serviceProviderEngineScope)
   at Microsoft.Extensions.DependencyInjection.ServiceLookup.ServiceProviderEngineScope.GetService(Type serviceType)
   at Microsoft.Extensions.Internal.ActivatorUtilities.ConstructorMatcher.CreateInstance(IServiceProvider provider)
   at Microsoft.Extensions.Internal.ActivatorUtilities.CreateInstance(IServiceProvider provider, Type instanceType, Object[] parameters)
   at Microsoft.AspNetCore.Builder.UseMiddlewareExtensions.<>c__DisplayClass5_0.<UseMiddleware>b__0(RequestDelegate next)
   at Microsoft.AspNetCore.Builder.ApplicationBuilder.Build()
   at Microsoft.AspNetCore.Hosting.GenericWebHostService.StartAsync(CancellationToken cancellationToken)
   at Microsoft.Extensions.Hosting.Internal.Host.StartAsync(CancellationToken cancellationToken)
   at Microsoft.Extensions.Hosting.HostingAbstractionsHostExtensions.RunAsync(IHost host, CancellationToken token)
   at Microsoft.Extensions.Hosting.HostingAbstractionsHostExtensions.RunAsync(IHost host, CancellationToken token)
   at Microsoft.Extensions.Hosting.HostingAbstractionsHostExtensions.Run(IHost host)
   at Finance.WebAPI.Program.Main(String[] args) in D:\fpt\Ky8\capstone\FinanceBE\Finance.WebAPI\Program.cs:line 21
